Arguments: 
  /usr/bin/node /mnt/c/Users/User/AppData/Roaming/npm/node_modules/yarn/bin/yarn.js add multar

PATH: 
  /home/jsh15932/.vscode-server/bin/f06011ac164ae4dc8e753a3fe7f9549844d15e35/bin:/home/jsh15932/.local/bin:/usr/local/sbin:/usr/local/bin:/usr/sbin:/usr/bin:/sbin:/bin:/usr/games:/usr/local/games:/mnt/c/ProgramData/DockerDesktop/version-bin:/mnt/c/Program Files/Docker/Docker/Resources/bin:/mnt/c/Program Files (x86)/Intel/Intel(R) Management Engine Components/iCLS/:/mnt/c/Program Files/Intel/Intel(R) Management Engine Components/iCLS/:/mnt/c/Windows/system32:/mnt/c/Windows:/mnt/c/Windows/System32/Wbem:/mnt/c/Windows/System32/WindowsPowerShell/v1.0/:/mnt/c/Windows/System32/OpenSSH/:/mnt/c/Program Files (x86)/Intel/Intel(R) Management Engine Components/DAL:/mnt/c/Program Files/Intel/Intel(R) Management Engine Components/DAL:/mnt/c/Apache24/bin:/mnt/c/Program Files/Git/cmd:/mnt/c/Program Files/nodejs/:/mnt/c/Program Files/MongoDB/Server/4.0/bin:/mnt/c/python:/mnt/c/python/Scripts:/mnt/c/Program Files/Docker Toolbox:/mnt/c/Ruby25-x64/bin:/mnt/c/Program Files/MySQL/MySQL Shell 8.0/bin/:/mnt/c/Users/User/AppData/Local/JetBrains/PyCharm 2019.1.3/bin:/mnt/c/Program Files/JetBrains/PyCharm Community Edition 2018.3.6/bin:/mnt/c/Users/User/AppData/Roaming/npm:/mnt/c/ProgramData/User/atom/bin:/mnt/c/Users/User/AppData/Local/atom/bin:/mnt/c/Users/User/AppData/Local/GitHubDesktop/bin:/mnt/c/Program Files/MongoDB/Server/4.0/bin:/mnt/c/Users/User/AppData/Local/Programs/Microsoft VS Code/bin:/mnt/c/Program Files/Docker Toolbox:/snap/bin

Yarn version: 
  1.17.3

Node version: 
  10.16.0

Platform: 
  linux x64

Trace: 
  Error: https://registry.yarnpkg.com/multar: Not found
      at Request.params.callback [as _callback] (/mnt/c/Users/User/AppData/Roaming/npm/node_modules/yarn/lib/cli.js:66830:18)
      at Request.self.callback (/mnt/c/Users/User/AppData/Roaming/npm/node_modules/yarn/lib/cli.js:140464:22)
      at Request.emit (events.js:198:13)
      at Request.<anonymous> (/mnt/c/Users/User/AppData/Roaming/npm/node_modules/yarn/lib/cli.js:141436:10)
      at Request.emit (events.js:198:13)
      at IncomingMessage.<anonymous> (/mnt/c/Users/User/AppData/Roaming/npm/node_modules/yarn/lib/cli.js:141358:12)
      at Object.onceWrapper (events.js:286:20)
      at IncomingMessage.emit (events.js:203:15)
      at endReadableNT (_stream_readable.js:1129:12)
      at process._tickCallback (internal/process/next_tick.js:63:19)

npm manifest: 
  {
    "name": "webtube",
    "version": "1.0.0",
    "description": "Cloning Youtube with Vanila and Nodejs",
    "main": "index.js",
    "scripts": {
      "start": "nodemon --exec babel-node init.js --delay 2"
    },
    "author": "",
    "license": "ISC",
    "dependencies": {
      "@babel/core": "^7.5.5",
      "@babel/node": "^7.5.5",
      "@babel/preset-env": "^7.5.5",
      "body-parser": "^1.19.0",
      "cookie-parser": "^1.4.4",
      "dotenv": "^8.1.0",
      "express": "^4.17.1",
      "helmet": "^3.20.0",
      "mongoose": "^5.6.11",
      "morgan": "^1.9.1",
      "pug": "^2.0.4",
      "yarn": "^1.17.3"
    },
    "devDependencies": {
      "nodemon": "^1.19.1"
    }
  }

yarn manifest: 
  No manifest

Lockfile: 
  No lockfile
